<?xml version="1.0" encoding="utf-8"?><testsuites name="pytest tests"><testsuite name="pytest" errors="0" failures="0" skipped="4" tests="16" time="2.733" timestamp="2026-01-10T11:07:56.199370+00:00" hostname="agent-env-fa6da672-db2c-494a-9539-627ecb52295a"><testcase classname="tests.test_new_features.TestForgotPassword" name="test_forgot_password_with_valid_email" time="0.097" /><testcase classname="tests.test_new_features.TestForgotPassword" name="test_forgot_password_with_nonexistent_email" time="0.033" /><testcase classname="tests.test_new_features.TestForgotPassword" name="test_forgot_password_with_invalid_email_format" time="0.038" /><testcase classname="tests.test_new_features.TestAuditLogs" name="test_get_audit_logs_authenticated" time="0.289" /><testcase classname="tests.test_new_features.TestAuditLogs" name="test_get_audit_logs_with_limit" time="0.301" /><testcase classname="tests.test_new_features.TestAuditLogs" name="test_get_audit_logs_unauthenticated" time="0.035" /><testcase classname="tests.test_new_features.TestAuditLogs" name="test_get_audit_logs_non_admin" time="0.517"><skipped type="pytest.skip" message="Patient pending approval - cannot test non-admin access">/app/tests/test_new_features.py:136: Patient pending approval - cannot test non-admin access</skipped></testcase><testcase classname="tests.test_new_features.TestDonationReceipt" name="test_get_receipt_for_approved_donation" time="0.291"><skipped type="pytest.skip" message="No approved donations available for testing">/app/tests/test_new_features.py:170: No approved donations available for testing</skipped></testcase><testcase classname="tests.test_new_features.TestDonationReceipt" name="test_get_receipt_for_nonexistent_donation" time="0.031" /><testcase classname="tests.test_new_features.TestDonationReceipt" name="test_get_receipt_for_non_approved_donation" time="0.289"><skipped type="pytest.skip" message="No submitted donations available for testing">/app/tests/test_new_features.py:217: No submitted donations available for testing</skipped></testcase><testcase classname="tests.test_new_features.TestTrackDonation" name="test_track_donation_returns_donation_id" time="0.288"><skipped type="pytest.skip" message="No donations available for testing">/app/tests/test_new_features.py:252: No donations available for testing</skipped></testcase><testcase classname="tests.test_new_features.TestTrackDonation" name="test_track_nonexistent_donation" time="0.040" /><testcase classname="tests.test_new_features.TestResetPassword" name="test_reset_password_with_invalid_token" time="0.036" /><testcase classname="tests.test_new_features.TestHealthAndBasicEndpoints" name="test_login_endpoint" time="0.252" /><testcase classname="tests.test_new_features.TestHealthAndBasicEndpoints" name="test_public_payment_info" time="0.034" /><testcase classname="tests.test_new_features.TestHealthAndBasicEndpoints" name="test_public_patients_list" time="0.044" /></testsuite></testsuites>