<?xml version="1.0" encoding="utf-8"?><testsuites name="pytest tests"><testsuite name="pytest" errors="0" failures="0" skipped="0" tests="11" time="2.872" timestamp="2026-01-10T11:30:53.125871+00:00" hostname="agent-env-fa6da672-db2c-494a-9539-627ecb52295a"><testcase classname="tests.test_donation_history_features.TestAdminUsersWithDonationHistory" name="test_get_all_users_returns_donation_history_for_patients" time="0.384" /><testcase classname="tests.test_donation_history_features.TestAdminUsersWithDonationHistory" name="test_get_users_filtered_by_patient_role" time="0.298" /><testcase classname="tests.test_donation_history_features.TestAdminUsersWithDonationHistory" name="test_non_patient_users_have_null_donation_history" time="0.297" /><testcase classname="tests.test_donation_history_features.TestAdminUsersWithDonationHistory" name="test_donation_history_structure" time="0.293" /><testcase classname="tests.test_donation_history_features.TestTreatmentRequestsWithPatientProfile" name="test_treatment_requests_include_patient_profile_data_for_admin" time="0.293" /><testcase classname="tests.test_donation_history_features.TestTreatmentRequestsWithPatientProfile" name="test_treatment_request_response_model" time="0.296" /><testcase classname="tests.test_donation_history_features.TestUserStatusChangeNotifications" name="test_user_status_update_endpoint_works" time="0.322" /><testcase classname="tests.test_donation_history_features.TestDonationApprovalNotifications" name="test_donation_approval_endpoint_works" time="0.296" /><testcase classname="tests.test_donation_history_features.TestBasicEndpoints" name="test_login_endpoint" time="0.254" /><testcase classname="tests.test_donation_history_features.TestBasicEndpoints" name="test_addiction_types_endpoint" time="0.031" /><testcase classname="tests.test_donation_history_features.TestBasicEndpoints" name="test_doctors_endpoint" time="0.036" /></testsuite></testsuites>